[INFO] Scanning for projects...
[INFO] 
[INFO] ---------------------< com.gradepulse:gradepulse >----------------------
[INFO] Building GradePulse 0.0.1-SNAPSHOT
[INFO]   from pom.xml
[INFO] --------------------------------[ jar ]---------------------------------
[INFO] 
[INFO] >>> spring-boot:3.4.11:run (default-cli) > test-compile @ gradepulse >>>
[INFO] 
[INFO] --- resources:3.3.1:resources (default-resources) @ gradepulse ---
[INFO] Copying 1 resource from src\main\resources to target\classes
[INFO] Copying 10 resources from src\main\resources to target\classes
[INFO] 
[INFO] --- compiler:3.13.0:compile (default-compile) @ gradepulse ---
[INFO] Nothing to compile - all classes are up to date.
[INFO] 
[INFO] --- resources:3.3.1:testResources (default-testResources) @ gradepulse ---
[INFO] skip non existing resourceDirectory C:\Users\priya\Documents\GITHUB PILOT PROJECTS\GradePulse\src\test\resources
[INFO] 
[INFO] --- compiler:3.13.0:testCompile (default-testCompile) @ gradepulse ---
[INFO] Nothing to compile - all classes are up to date.
[INFO] 
[INFO] <<< spring-boot:3.4.11:run (default-cli) < test-compile @ gradepulse <<<
[INFO] 
[INFO] 
[INFO] --- spring-boot:3.4.11:run (default-cli) @ gradepulse ---
[INFO] Attaching agents: []
Standard Commons Logging discovery in action with spring-jcl: please remove commons-logging.jar from classpath in order to avoid potential conflicts
Standard Commons Logging discovery in action with spring-jcl: please remove commons-logging.jar from classpath in order to avoid potential conflicts

  .   ____          _            __ _ _
 /\\ / ___'_ __ _ _(_)_ __  __ _ \ \ \ \
( ( )\___ | '_ | '_| | '_ \/ _` | \ \ \ \
 \\/  ___)| |_)| | | | | || (_| |  ) ) ) )
  '  |____| .__|_| |_|_| |_\__, | / / / /
 =========|_|==============|___/=/_/_/_/

 :: Spring Boot ::               (v3.4.11)

2025-11-18T09:56:28.043+05:30  INFO 17808 --- [  restartedMain] com.gradepulse.GradePulseApplication     : Starting GradePulseApplication using Java 25.0.1 with PID 17808 (C:\Users\priya\Documents\GITHUB PILOT PROJECTS\GradePulse\target\classes started by priya in C:\Users\priya\Documents\GITHUB PILOT PROJECTS\GradePulse)
2025-11-18T09:56:28.045+05:30  INFO 17808 --- [  restartedMain] com.gradepulse.GradePulseApplication     : No active profile set, falling back to 1 default profile: "default"
2025-11-18T09:56:28.089+05:30  INFO 17808 --- [  restartedMain] .e.DevToolsPropertyDefaultsPostProcessor : Devtools property defaults active! Set 'spring.devtools.add-properties' to 'false' to disable
2025-11-18T09:56:28.089+05:30  INFO 17808 --- [  restartedMain] .e.DevToolsPropertyDefaultsPostProcessor : For additional web related logging consider setting the 'logging.level.web' property to 'DEBUG'
2025-11-18T09:56:29.042+05:30  INFO 17808 --- [  restartedMain] .s.d.r.c.RepositoryConfigurationDelegate : Bootstrapping Spring Data JPA repositories in DEFAULT mode.
2025-11-18T09:56:29.118+05:30  INFO 17808 --- [  restartedMain] .s.d.r.c.RepositoryConfigurationDelegate : Finished Spring Data repository scanning in 52 ms. Found 3 JPA repository interfaces.
2025-11-18T09:56:29.693+05:30  INFO 17808 --- [  restartedMain] o.s.b.w.embedded.tomcat.TomcatWebServer  : Tomcat initialized with port 8080 (http)
2025-11-18T09:56:29.708+05:30  INFO 17808 --- [  restartedMain] o.apache.catalina.core.StandardService   : Starting service [Tomcat]
2025-11-18T09:56:29.708+05:30  INFO 17808 --- [  restartedMain] o.apache.catalina.core.StandardEngine    : Starting Servlet engine: [Apache Tomcat/10.1.48]
2025-11-18T09:56:29.748+05:30  INFO 17808 --- [  restartedMain] o.a.c.c.C.[Tomcat].[localhost].[/]       : Initializing Spring embedded WebApplicationContext
2025-11-18T09:56:29.749+05:30  INFO 17808 --- [  restartedMain] w.s.c.ServletWebServerApplicationContext : Root WebApplicationContext: initialization completed in 1659 ms
Standard Commons Logging discovery in action with spring-jcl: please remove commons-logging.jar from classpath in order to avoid potential conflicts
2025-11-18T09:56:30.059+05:30  INFO 17808 --- [  restartedMain] com.zaxxer.hikari.HikariDataSource       : HikariPool-1 - Starting...
2025-11-18T09:56:30.219+05:30  INFO 17808 --- [  restartedMain] com.zaxxer.hikari.pool.HikariPool        : HikariPool-1 - Added connection conn0: url=jdbc:h2:mem:gradepulse user=SA
2025-11-18T09:56:30.221+05:30  INFO 17808 --- [  restartedMain] com.zaxxer.hikari.HikariDataSource       : HikariPool-1 - Start completed.
2025-11-18T09:56:30.263+05:30  INFO 17808 --- [  restartedMain] org.flywaydb.core.FlywayExecutor         : Database: jdbc:h2:mem:gradepulse (H2 2.3)
2025-11-18T09:56:30.267+05:30  WARN 17808 --- [  restartedMain] o.f.c.internal.database.base.Database    : Flyway upgrade recommended: H2 2.3.232 is newer than this version of Flyway and support has not been tested. The latest supported version of H2 is 2.2.224.
2025-11-18T09:56:30.291+05:30  INFO 17808 --- [  restartedMain] o.f.c.i.s.JdbcTableSchemaHistory         : Schema history table "PUBLIC"."flyway_schema_history" does not exist yet
2025-11-18T09:56:30.294+05:30  INFO 17808 --- [  restartedMain] o.f.core.internal.command.DbValidate     : Successfully validated 4 migrations (execution time 00:00.015s)
2025-11-18T09:56:30.301+05:30  INFO 17808 --- [  restartedMain] o.f.c.i.s.JdbcTableSchemaHistory         : Creating Schema History table "PUBLIC"."flyway_schema_history" ...
2025-11-18T09:56:30.328+05:30  INFO 17808 --- [  restartedMain] o.f.core.internal.command.DbMigrate      : Current version of schema "PUBLIC": << Empty Schema >>
2025-11-18T09:56:30.335+05:30  INFO 17808 --- [  restartedMain] o.f.core.internal.command.DbMigrate      : Migrating schema "PUBLIC" to version "1 - create students table"
2025-11-18T09:56:30.351+05:30  INFO 17808 --- [  restartedMain] o.f.core.internal.command.DbMigrate      : Migrating schema "PUBLIC" to version "2 - dynamic fields"
2025-11-18T09:56:30.365+05:30  INFO 17808 --- [  restartedMain] o.f.core.internal.command.DbMigrate      : Migrating schema "PUBLIC" to version "3 - document urls"
2025-11-18T09:56:30.402+05:30  INFO 17808 --- [  restartedMain] o.f.core.internal.command.DbMigrate      : Migrating schema "PUBLIC" to version "4 - default field config"
2025-11-18T09:56:30.412+05:30  INFO 17808 --- [  restartedMain] o.f.core.internal.command.DbMigrate      : Successfully applied 4 migrations to schema "PUBLIC", now at version v4 (execution time 00:00.054s)
2025-11-18T09:56:30.485+05:30  INFO 17808 --- [  restartedMain] o.hibernate.jpa.internal.util.LogHelper  : HHH000204: Processing PersistenceUnitInfo [name: default]
2025-11-18T09:56:30.527+05:30  INFO 17808 --- [  restartedMain] org.hibernate.Version                    : HHH000412: Hibernate ORM core version 6.6.33.Final
2025-11-18T09:56:30.557+05:30  INFO 17808 --- [  restartedMain] o.h.c.internal.RegionFactoryInitiator    : HHH000026: Second-level cache disabled
2025-11-18T09:56:30.786+05:30  INFO 17808 --- [  restartedMain] o.s.o.j.p.SpringPersistenceUnitInfo      : No LoadTimeWeaver setup: ignoring JPA class transformer
2025-11-18T09:56:30.867+05:30  INFO 17808 --- [  restartedMain] org.hibernate.orm.connections.pooling    : HHH10001005: Database info:
	Database JDBC URL [Connecting through datasource 'HikariDataSource (HikariPool-1)']
	Database driver: undefined/unknown
	Database version: 2.3.232
	Autocommit mode: undefined/unknown
	Isolation level: undefined/unknown
	Minimum pool size: undefined/unknown
	Maximum pool size: undefined/unknown
2025-11-18T09:56:31.636+05:30  INFO 17808 --- [  restartedMain] o.h.e.t.j.p.i.JtaPlatformInitiator       : HHH000489: No JTA platform available (set 'hibernate.transaction.jta.platform' to enable JTA platform integration)
Hibernate: alter table if exists field_config alter column display_name set data type varchar(255)
Hibernate: alter table if exists field_config alter column field_name set data type varchar(255)
Hibernate: alter table if exists field_config alter column field_type set data type varchar(255)
Hibernate: create table grades (id bigint generated by default as identity, marks integer not null, parent_phone varchar(255) not null, student_name varchar(255) not null, uploaded_at timestamp(6) not null, primary key (id))
Hibernate: alter table if exists students alter column aadhaar_number set data type varchar(255)
Hibernate: alter table if exists students alter column address set data type varchar(255)
Hibernate: alter table if exists students alter column admission_class set data type varchar(255)
Hibernate: alter table if exists students alter column allergies_conditions set data type varchar(255)
Hibernate: alter table if exists students alter column apaar_id set data type varchar(255)
Hibernate: alter table if exists students alter column attendance_percent set data type float(53)
Hibernate: alter table if exists students alter column blood_group set data type varchar(255)
Hibernate: alter table if exists students alter column category set data type varchar(255)
Hibernate: alter table if exists students alter column enrollment_no set data type varchar(255)
Hibernate: alter table if exists students alter column family_status set data type varchar(255)
Hibernate: alter table if exists students alter column father_aadhaar set data type varchar(255)
Hibernate: alter table if exists students alter column father_contact set data type varchar(255)
Hibernate: alter table if exists students alter column fee_status set data type varchar(255)
Hibernate: alter table if exists students alter column gender set data type varchar(255)
Hibernate: alter table if exists students alter column guardian_aadhaar set data type varchar(255)
Hibernate: alter table if exists students alter column guardian_contact set data type varchar(255)
Hibernate: alter table if exists students alter column guardian_relation set data type varchar(255)
Hibernate: alter table if exists students alter column language_preference set data type varchar(255)
Hibernate: alter table if exists students alter column mother_aadhaar set data type varchar(255)
Hibernate: alter table if exists students alter column mother_contact set data type varchar(255)
Hibernate: alter table if exists students alter column student_id set data type varchar(255)
Hibernate: alter table if exists students alter column vision_check set data type varchar(255)
2025-11-18T09:56:31.701+05:30  INFO 17808 --- [  restartedMain] j.LocalContainerEntityManagerFactoryBean : Initialized JPA EntityManagerFactory for persistence unit 'default'
2025-11-18T09:56:31.941+05:30  INFO 17808 --- [  restartedMain] o.s.d.j.r.query.QueryEnhancerFactory     : Hibernate is in classpath; If applicable, HQL parser will be used.
2025-11-18T09:56:32.388+05:30  WARN 17808 --- [  restartedMain] JpaBaseConfiguration$JpaWebConfiguration : spring.jpa.open-in-view is enabled by default. Therefore, database queries may be performed during view rendering. Explicitly configure spring.jpa.open-in-view to disable this warning
2025-11-18T09:56:32.489+05:30  INFO 17808 --- [  restartedMain] r$InitializeUserDetailsManagerConfigurer : Global AuthenticationManager configured with UserDetailsService bean with name userDetailsService
2025-11-18T09:56:32.775+05:30  INFO 17808 --- [  restartedMain] o.s.b.a.e.web.EndpointLinksResolver      : Exposing 1 endpoint beneath base path '/actuator'
2025-11-18T09:56:33.099+05:30  INFO 17808 --- [  restartedMain] o.s.b.a.h2.H2ConsoleAutoConfiguration    : H2 console available at '/h2-console'. Database available at 'jdbc:h2:mem:gradepulse'
2025-11-18T09:56:33.141+05:30  INFO 17808 --- [  restartedMain] o.s.b.d.a.OptionalLiveReloadServer       : LiveReload server is running on port 35729
2025-11-18T09:56:33.204+05:30  INFO 17808 --- [  restartedMain] o.s.b.w.embedded.tomcat.TomcatWebServer  : Tomcat started on port 8080 (http) with context path '/'
2025-11-18T09:56:33.216+05:30  INFO 17808 --- [  restartedMain] com.gradepulse.GradePulseApplication     : Started GradePulseApplication in 5.581 seconds (process running for 6.063)
2025-11-18T09:56:57.562+05:30  INFO 17808 --- [ionShutdownHook] o.s.b.w.e.tomcat.GracefulShutdown        : Commencing graceful shutdown. Waiting for active requests to complete
2025-11-18T09:56:57.581+05:30  INFO 17808 --- [tomcat-shutdown] o.s.b.w.e.tomcat.GracefulShutdown        : Graceful shutdown complete
2025-11-18T09:56:57.586+05:30  INFO 17808 --- [ionShutdownHook] j.LocalContainerEntityManagerFactoryBean : Closing JPA EntityManagerFactory for persistence unit 'default'
2025-11-18T09:56:57.591+05:30  WARN 17808 --- [ionShutdownHook] o.s.b.f.support.DisposableBeanAdapter    : Invocation of destroy method failed on bean with name 'inMemoryDatabaseShutdownExecutor': org.h2.jdbc.JdbcSQLNonTransientConnectionException: Database is already closed (to disable automatic closing at VM shutdown, add ";DB_CLOSE_ON_EXIT=FALSE" to the db URL) [90121-232]
2025-11-18T09:56:57.592+05:30  INFO 17808 --- [ionShutdownHook] com.zaxxer.hikari.HikariDataSource       : HikariPool-1 - Shutdown initiated...
2025-11-18T09:56:57.594+05:30  INFO 17808 --- [ionShutdownHook] com.zaxxer.hikari.HikariDataSource       : HikariPool-1 - Shutdown completed.
[INFO] ------------------------------------------------------------------------
[INFO] BUILD SUCCESS
[INFO] ------------------------------------------------------------------------
[INFO] Total time:  32.995 s
[INFO] Finished at: 2025-11-18T09:56:57+05:30
[INFO] ------------------------------------------------------------------------
Terminate batch job (Y/N)? 